2014/07/25 15:51:31 [error] [exception.CHttpException.404] exception 'CHttpException' with message 'Unable to resolve the request "BucketForm/add".' in /usr/yii/framework/web/CWebApplication.php:286
Stack trace:
#0 /usr/yii/framework/web/CWebApplication.php(141): CWebApplication->runController('BucketForm/add')
#1 /usr/yii/framework/base/CApplication.php(180): CWebApplication->processRequest()
#2 /var/www/html/hometask/index.php(13): CApplication->run()
#3 {main}
REQUEST_URI=/hometask/index.php?r=BucketForm/add&0%5Bid%5D=0
HTTP_REFERER=http://localhost/hometask/index.php?r=goods/goods
---
2014/07/25 15:52:06 [error] [exception.CHttpException.404] exception 'CHttpException' with message 'Unable to resolve the request "BucketForm/add".' in /usr/yii/framework/web/CWebApplication.php:286
Stack trace:
#0 /usr/yii/framework/web/CWebApplication.php(141): CWebApplication->runController('BucketForm/add')
#1 /usr/yii/framework/base/CApplication.php(180): CWebApplication->processRequest()
#2 /var/www/html/hometask/index.php(13): CApplication->run()
#3 {main}
REQUEST_URI=/hometask/index.php?r=BucketForm/add&0%5Bid%5D=0
HTTP_REFERER=http://localhost/hometask/index.php?r=goods/goods
---
2014/07/25 15:52:34 [error] [exception.CHttpException.404] exception 'CHttpException' with message 'Unable to resolve the request "BucketForm/add".' in /usr/yii/framework/web/CWebApplication.php:286
Stack trace:
#0 /usr/yii/framework/web/CWebApplication.php(141): CWebApplication->runController('BucketForm/add')
#1 /usr/yii/framework/base/CApplication.php(180): CWebApplication->processRequest()
#2 /var/www/html/hometask/index.php(13): CApplication->run()
#3 {main}
REQUEST_URI=/hometask/index.php?r=BucketForm/add&0%5Bid%5D=0
HTTP_REFERER=http://localhost/hometask/index.php?r=goods/goods
---
2014/07/25 15:52:37 [error] [exception.CHttpException.404] exception 'CHttpException' with message 'Unable to resolve the request "BucketForm/add".' in /usr/yii/framework/web/CWebApplication.php:286
Stack trace:
#0 /usr/yii/framework/web/CWebApplication.php(141): CWebApplication->runController('BucketForm/add')
#1 /usr/yii/framework/base/CApplication.php(180): CWebApplication->processRequest()
#2 /var/www/html/hometask/index.php(13): CApplication->run()
#3 {main}
REQUEST_URI=/hometask/index.php?r=BucketForm/add&0%5Bid%5D=0
HTTP_REFERER=http://localhost/hometask/index.php?r=goods/goods
---
2014/07/25 15:54:24 [error] [exception.CHttpException.404] exception 'CHttpException' with message 'Unable to resolve the request "BucketForm/add".' in /usr/yii/framework/web/CWebApplication.php:286
Stack trace:
#0 /usr/yii/framework/web/CWebApplication.php(141): CWebApplication->runController('BucketForm/add')
#1 /usr/yii/framework/base/CApplication.php(180): CWebApplication->processRequest()
#2 /var/www/html/hometask/index.php(13): CApplication->run()
#3 {main}
REQUEST_URI=/hometask/index.php?r=BucketForm/add&0%5Bid%5D=0
HTTP_REFERER=http://localhost/hometask/index.php?r=goods/goods
---
2014/07/25 15:57:04 [error] [exception.CHttpException.404] exception 'CHttpException' with message 'Unable to resolve the request "GoodsController/add".' in /usr/yii/framework/web/CWebApplication.php:286
Stack trace:
#0 /usr/yii/framework/web/CWebApplication.php(141): CWebApplication->runController('GoodsController...')
#1 /usr/yii/framework/base/CApplication.php(180): CWebApplication->processRequest()
#2 /var/www/html/hometask/index.php(13): CApplication->run()
#3 {main}
REQUEST_URI=/hometask/index.php?r=GoodsController/add&id=0
HTTP_REFERER=http://localhost/hometask/index.php?r=goods/goods
---
2014/07/25 16:01:26 [error] [php] Undefined variable: idBucket (/var/www/html/hometask/protected/controllers/GoodsController.php:13)
Stack trace:
#0 /usr/yii/framework/web/CController.php(286): GoodsController->runAction()
#1 /usr/yii/framework/web/CController.php(265): GoodsController->runActionWithFilters()
#2 /usr/yii/framework/web/CWebApplication.php(282): GoodsController->run()
#3 /usr/yii/framework/web/CWebApplication.php(141): CWebApplication->runController()
#4 /usr/yii/framework/base/CApplication.php(180): CWebApplication->processRequest()
#5 /var/www/html/hometask/index.php(13): CWebApplication->run()
REQUEST_URI=/hometask/index.php?r=goods/goods&id=2
in /var/www/html/hometask/protected/controllers/GoodsController.php (13)
in /var/www/html/hometask/index.php (13)
2014/07/25 16:02:38 [error] [exception.CHttpException.404] exception 'CHttpException' with message 'Unable to resolve the request "bucket/bucket".' in /usr/yii/framework/web/CWebApplication.php:286
Stack trace:
#0 /usr/yii/framework/web/CWebApplication.php(141): CWebApplication->runController('bucket/bucket')
#1 /usr/yii/framework/base/CApplication.php(180): CWebApplication->processRequest()
#2 /var/www/html/hometask/index.php(13): CApplication->run()
#3 {main}
REQUEST_URI=/hometask/index.php?r=bucket/bucket
---
2014/07/25 16:07:05 [error] [exception.CHttpException.404] exception 'CHttpException' with message 'Unable to resolve the request "bucket/bucket".' in /usr/yii/framework/web/CWebApplication.php:286
Stack trace:
#0 /usr/yii/framework/web/CWebApplication.php(141): CWebApplication->runController('bucket/bucket')
#1 /usr/yii/framework/base/CApplication.php(180): CWebApplication->processRequest()
#2 /var/www/html/hometask/index.php(13): CApplication->run()
#3 {main}
REQUEST_URI=/hometask/index.php?r=bucket/bucket
---
2014/07/25 16:07:48 [error] [php] Trying to get property of non-object (/var/www/html/hometask/protected/views/goods/goods.php:16)
Stack trace:
#0 /usr/yii/framework/web/CController.php(869): GoodsController->renderFile()
#1 /usr/yii/framework/web/CController.php(782): GoodsController->renderPartial()
#2 /var/www/html/hometask/protected/controllers/GoodsController.php(14): GoodsController->render()
#3 /usr/yii/framework/web/actions/CInlineAction.php(49): GoodsController->actionGoods()
#4 /usr/yii/framework/web/CController.php(308): CInlineAction->runWithParams()
#5 /usr/yii/framework/web/CController.php(286): GoodsController->runAction()
#6 /usr/yii/framework/web/CController.php(265): GoodsController->runActionWithFilters()
#7 /usr/yii/framework/web/CWebApplication.php(282): GoodsController->run()
#8 /usr/yii/framework/web/CWebApplication.php(141): CWebApplication->runController()
#9 /usr/yii/framework/base/CApplication.php(180): CWebApplication->processRequest()
#10 /var/www/html/hometask/index.php(13): CWebApplication->run()
REQUEST_URI=/hometask/index.php?r=goods/goods
in /var/www/html/hometask/protected/views/goods/goods.php (16)
in /var/www/html/hometask/protected/controllers/GoodsController.php (14)
in /var/www/html/hometask/index.php (13)
2014/07/25 16:13:48 [error] [exception.CException] exception 'CException' with message 'GoodsForm and its behaviors do not have a method or closure named "allGoods".' in /usr/yii/framework/base/CComponent.php:266
Stack trace:
#0 /var/www/html/hometask/protected/models/BucketForm.php(14): CComponent->__call('allGoods', Array)
#1 /var/www/html/hometask/protected/models/BucketForm.php(14): GoodsForm->allGoods()
#2 /var/www/html/hometask/protected/controllers/GoodsController.php(13): BucketForm->add(NULL)
#3 /usr/yii/framework/web/actions/CInlineAction.php(49): GoodsController->actionGoods()
#4 /usr/yii/framework/web/CController.php(308): CInlineAction->runWithParams(Array)
#5 /usr/yii/framework/web/CController.php(286): CController->runAction(Object(CInlineAction))
#6 /usr/yii/framework/web/CController.php(265): CController->runActionWithFilters(Object(CInlineAction), Array)
#7 /usr/yii/framework/web/CWebApplication.php(282): CController->run('goods')
#8 /usr/yii/framework/web/CWebApplication.php(141): CWebApplication->runController('goods/goods')
#9 /usr/yii/framework/base/CApplication.php(180): CWebApplication->processRequest()
#10 /var/www/html/hometask/index.php(13): CApplication->run()
#11 {main}
REQUEST_URI=/hometask/index.php?r=goods/goods&attributes=2
HTTP_REFERER=http://localhost/hometask/index.php?r=goods/goods&attributes=0
---
2014/07/25 16:17:18 [error] [php] Undefined index: name (/var/www/html/hometask/protected/views/goods/bucket.php:8)
Stack trace:
#0 /usr/yii/framework/web/CController.php(869): GoodsController->renderFile()
#1 /usr/yii/framework/web/CController.php(782): GoodsController->renderPartial()
#2 /var/www/html/hometask/protected/controllers/GoodsController.php(23): GoodsController->render()
#3 /usr/yii/framework/web/actions/CInlineAction.php(49): GoodsController->actionBucket()
#4 /usr/yii/framework/web/CController.php(308): CInlineAction->runWithParams()
#5 /usr/yii/framework/web/CController.php(286): GoodsController->runAction()
#6 /usr/yii/framework/web/CController.php(265): GoodsController->runActionWithFilters()
#7 /usr/yii/framework/web/CWebApplication.php(282): GoodsController->run()
#8 /usr/yii/framework/web/CWebApplication.php(141): CWebApplication->runController()
#9 /usr/yii/framework/base/CApplication.php(180): CWebApplication->processRequest()
#10 /var/www/html/hometask/index.php(13): CWebApplication->run()
REQUEST_URI=/hometask/index.php?r=goods/bucket
in /var/www/html/hometask/protected/views/goods/bucket.php (8)
in /var/www/html/hometask/protected/controllers/GoodsController.php (23)
in /var/www/html/hometask/index.php (13)
2014/07/25 16:17:56 [error] [php] Undefined index: name (/var/www/html/hometask/protected/views/goods/bucket.php:10)
Stack trace:
#0 /usr/yii/framework/web/CController.php(869): GoodsController->renderFile()
#1 /usr/yii/framework/web/CController.php(782): GoodsController->renderPartial()
#2 /var/www/html/hometask/protected/controllers/GoodsController.php(23): GoodsController->render()
#3 /usr/yii/framework/web/actions/CInlineAction.php(49): GoodsController->actionBucket()
#4 /usr/yii/framework/web/CController.php(308): CInlineAction->runWithParams()
#5 /usr/yii/framework/web/CController.php(286): GoodsController->runAction()
#6 /usr/yii/framework/web/CController.php(265): GoodsController->runActionWithFilters()
#7 /usr/yii/framework/web/CWebApplication.php(282): GoodsController->run()
#8 /usr/yii/framework/web/CWebApplication.php(141): CWebApplication->runController()
#9 /usr/yii/framework/base/CApplication.php(180): CWebApplication->processRequest()
#10 /var/www/html/hometask/index.php(13): CWebApplication->run()
REQUEST_URI=/hometask/index.php?r=goods/bucket
in /var/www/html/hometask/protected/views/goods/bucket.php (10)
in /var/www/html/hometask/protected/controllers/GoodsController.php (23)
in /var/www/html/hometask/index.php (13)
2014/07/25 16:20:07 [error] [php] Undefined index: name (/var/www/html/hometask/protected/views/goods/bucket.php:12)
Stack trace:
#0 /usr/yii/framework/web/CController.php(869): GoodsController->renderFile()
#1 /usr/yii/framework/web/CController.php(782): GoodsController->renderPartial()
#2 /var/www/html/hometask/protected/controllers/GoodsController.php(23): GoodsController->render()
#3 /usr/yii/framework/web/actions/CInlineAction.php(49): GoodsController->actionBucket()
#4 /usr/yii/framework/web/CController.php(308): CInlineAction->runWithParams()
#5 /usr/yii/framework/web/CController.php(286): GoodsController->runAction()
#6 /usr/yii/framework/web/CController.php(265): GoodsController->runActionWithFilters()
#7 /usr/yii/framework/web/CWebApplication.php(282): GoodsController->run()
#8 /usr/yii/framework/web/CWebApplication.php(141): CWebApplication->runController()
#9 /usr/yii/framework/base/CApplication.php(180): CWebApplication->processRequest()
#10 /var/www/html/hometask/index.php(13): CWebApplication->run()
REQUEST_URI=/hometask/index.php?r=goods/bucket
in /var/www/html/hometask/protected/views/goods/bucket.php (12)
in /var/www/html/hometask/protected/controllers/GoodsController.php (23)
in /var/www/html/hometask/index.php (13)
2014/07/25 16:20:37 [error] [php] Array to string conversion (/var/www/html/hometask/protected/views/goods/bucket.php:5)
Stack trace:
#0 /usr/yii/framework/web/CController.php(869): GoodsController->renderFile()
#1 /usr/yii/framework/web/CController.php(782): GoodsController->renderPartial()
#2 /var/www/html/hometask/protected/controllers/GoodsController.php(23): GoodsController->render()
#3 /usr/yii/framework/web/actions/CInlineAction.php(49): GoodsController->actionBucket()
#4 /usr/yii/framework/web/CController.php(308): CInlineAction->runWithParams()
#5 /usr/yii/framework/web/CController.php(286): GoodsController->runAction()
#6 /usr/yii/framework/web/CController.php(265): GoodsController->runActionWithFilters()
#7 /usr/yii/framework/web/CWebApplication.php(282): GoodsController->run()
#8 /usr/yii/framework/web/CWebApplication.php(141): CWebApplication->runController()
#9 /usr/yii/framework/base/CApplication.php(180): CWebApplication->processRequest()
#10 /var/www/html/hometask/index.php(13): CWebApplication->run()
REQUEST_URI=/hometask/index.php?r=goods/bucket
in /var/www/html/hometask/protected/views/goods/bucket.php (5)
in /var/www/html/hometask/protected/controllers/GoodsController.php (23)
in /var/www/html/hometask/index.php (13)
2014/07/25 16:20:44 [error] [php] Undefined index: name (/var/www/html/hometask/protected/views/goods/bucket.php:5)
Stack trace:
#0 /usr/yii/framework/web/CController.php(869): GoodsController->renderFile()
#1 /usr/yii/framework/web/CController.php(782): GoodsController->renderPartial()
#2 /var/www/html/hometask/protected/controllers/GoodsController.php(23): GoodsController->render()
#3 /usr/yii/framework/web/actions/CInlineAction.php(49): GoodsController->actionBucket()
#4 /usr/yii/framework/web/CController.php(308): CInlineAction->runWithParams()
#5 /usr/yii/framework/web/CController.php(286): GoodsController->runAction()
#6 /usr/yii/framework/web/CController.php(265): GoodsController->runActionWithFilters()
#7 /usr/yii/framework/web/CWebApplication.php(282): GoodsController->run()
#8 /usr/yii/framework/web/CWebApplication.php(141): CWebApplication->runController()
#9 /usr/yii/framework/base/CApplication.php(180): CWebApplication->processRequest()
#10 /var/www/html/hometask/index.php(13): CWebApplication->run()
REQUEST_URI=/hometask/index.php?r=goods/bucket
in /var/www/html/hometask/protected/views/goods/bucket.php (5)
in /var/www/html/hometask/protected/controllers/GoodsController.php (23)
in /var/www/html/hometask/index.php (13)
